<?xml version="1.0" encoding="UTF-8" ?>
<testsuite tests="2" failures="0" name="exemplecode.TestExempleGlisserDeposer" time="4.745" errors="0" skipped="0">
  <properties>
    <property name="PROCESSOR_ARCHITECTURE" value="x86"/>
    <property name="file.encoding.pkg" value="sun.io"/>
    <property name="LOGONSERVER" value="\\CITHARE"/>
    <property name="ProgramData" value="C:\ProgramData"/>
    <property name="java.home" value="D:\plateforme-production\jdk1.8.0_131\jre"/>
    <property name="NODE_NAME" value="master"/>
    <property name="JENKINS_URL" value="http://localhost:8080/"/>
    <property name="ALLUSERSPROFILE" value="C:\ProgramData"/>
    <property name="java.endorsed.dirs" value="D:\plateforme-production\jdk1.8.0_131\jre\lib\endorsed"/>
    <property name="PSModulePath" value="C:\Windows\system32\WindowsPowerShell\v1.0\Modules\;C:\Program Files\Microsoft Security Client\MpProvider\"/>
    <property name="=::" value="::\"/>
    <property name="USERDOMAIN" value="CAMPUS"/>
    <property name="sun.os.patch.level" value="Service Pack 1"/>
    <property name="java.vendor.url" value="http://java.oracle.com/"/>
    <property name="CommonProgramFiles(x86)" value="C:\Program Files (x86)\Common Files"/>
    <property name="java.version" value="1.8.0_131"/>
    <property name="JOB_NAME" value="Puissance4FXMaven"/>
    <property name="COMPUTERNAME" value="C304C-212715"/>
    <property name="windows_tracing_logfile" value="C:\BVTBin\Tests\installpackage\csilogfile.log"/>
    <property name="java.vendor.url.bug" value="http://bugreport.sun.com/bugreport/"/>
    <property name="PUBLIC" value="C:\Users\Public"/>
    <property name="user.name" value="charleso"/>
    <property name="sun.io.unicode.encoding" value="UnicodeLittle"/>
    <property name="sun.jnu.encoding" value="Cp1252"/>
    <property name="java.runtime.name" value="Java(TM) SE Runtime Environment"/>
    <property name="windir" value="C:\Windows"/>
    <property name="PROCESSOR_IDENTIFIER" value="Intel64 Family 6 Model 42 Stepping 7, GenuineIntel"/>
    <property name="java.specification.name" value="Java Platform API Specification"/>
    <property name="LOCALAPPDATA" value="C:\Users\charleso\AppData\Local"/>
    <property name="RUN_CHANGES_DISPLAY_URL" value="http://localhost:8080/job/Puissance4FXMaven/19/display/redirect?page=changes"/>
    <property name="user.timezone" value="Europe/Prague"/>
    <property name="PROCESSOR_ARCHITEW6432" value="AMD64"/>
    <property name="user.script" value=""/>
    <property name="path.separator" value=";"/>
    <property name="NUMBER_OF_PROCESSORS" value="4"/>
    <property name="BUILD_TAG" value="jenkins-Puissance4FXMaven-19"/>
    <property name="windows_tracing_flags" value="3"/>
    <property name="file.encoding" value="Cp1252"/>
    <property name="sun.java.command" value="jenkins.maven3.agent.Maven35Main D:\plateforme-production\apache-maven-3.5.2 D:\plateforme-production\jenkins\war\WEB-INF\lib\remoting-3.10.2.jar D:\plateforme-production\jenkins\plugins\maven-plugin\WEB-INF\lib\maven35-interceptor-1.12-alpha-1.jar D:\plateforme-production\jenkins\plugins\maven-plugin\WEB-INF\lib\maven3-interceptor-commons-1.12-alpha-1.jar 62570"/>
    <property name="HUDSON_URL" value="http://localhost:8080/"/>
    <property name="JENKINS_SERVER_COOKIE" value="d7e6fd3a12724137"/>
    <property name="=D:" value="D:\plateforme-production\jenkins"/>
    <property name="EXECUTOR_NUMBER" value="0"/>
    <property name="Path" value="D:\plateforme-production\jdk1.8.0_131/bin;D:\plateforme-production\jdk1.8.0_131\bin;C:\Program Files\Java\jdk1.8.0_131\bin;C:\ProgramData\Oracle\Java\javapath;C:\Windows\system32;C:\Windows;C:\Windows\System32\Wbem;C:\Windows\System32\WindowsPowerShell\v1.0\;C:\Program Files\nodejs\;C:\Program Files (x86)\PuTTY\;C:\Program Files\Git\cmd;C:\Program Files (x86)\QuickTime\QTSystem\"/>
    <property name="GIT_COMMIT" value="aacb9dc1f146eac9b71e36202bed16f3837aa98b"/>
    <property name="java.io.tmpdir" value="C:\Users\charleso\AppData\Local\Temp\"/>
    <property name="APPDATA" value="C:\Users\charleso\AppData\Roaming"/>
    <property name="user.language" value="fr"/>
    <property name="line.separator" value="
"/>
    <property name="BUILD_URL" value="http://localhost:8080/job/Puissance4FXMaven/19/"/>
    <property name="M2_HOME" value="D:\plateforme-production\apache-maven-3.5.2"/>
    <property name="=C:" value="C:\Users\charleso"/>
    <property name="java.vm.info" value="mixed mode"/>
    <property name="sun.desktop" value="windows"/>
    <property name="java.vm.specification.name" value="Java Virtual Machine Specification"/>
    <property name="BUILD_DISPLAY_NAME" value="#19"/>
    <property name="OS" value="Windows_NT"/>
    <property name="guice.disable.misplaced.annotation.check" value="true"/>
    <property name="HUDSON_SERVER_COOKIE" value="d7e6fd3a12724137"/>
    <property name="MAVEN_HOME" value="D:\plateforme-production\apache-maven-3.5.2"/>
    <property name="SESSIONNAME" value="Console"/>
    <property name="PATHEXT" value=".COM;.EXE;.BAT;.CMD;.VBS;.VBE;.JS;.JSE;.WSF;.WSH;.MSC"/>
    <property name="java.awt.printerjob" value="sun.awt.windows.WPrinterJob"/>
    <property name="maven3.interceptor.common" value="D:\plateforme-production\jenkins\plugins\maven-plugin\WEB-INF\lib\maven3-interceptor-commons-1.12-alpha-1.jar"/>
    <property name="CLASSPATH" value=""/>
    <property name="https.proxyPort" value="3128"/>
    <property name="HOMEPATH" value="\"/>
    <property name="os.name" value="Windows 7"/>
    <property name="java.specification.vendor" value="Oracle Corporation"/>
    <property name="FP_NO_HOST_CHECK" value="NO"/>
    <property name="java.vm.name" value="Java HotSpot(TM) Client VM"/>
    <property name="BUILD_NUMBER" value="19"/>
    <property name="maven3.interceptor" value="D:\plateforme-production\jenkins\plugins\maven-plugin\WEB-INF\lib\maven35-interceptor-1.12-alpha-1.jar"/>
    <property name="java.library.path" value="D:\plateforme-production\jdk1.8.0_131\bin;C:\Windows\Sun\Java\bin;C:\Windows\system32;C:\Windows;D:\plateforme-production\apache-maven-3.5.2/bin;D:\plateforme-production\jdk1.8.0_131/bin;D:\plateforme-production\jdk1.8.0_131/bin;D:\plateforme-production\jdk1.8.0_131\bin;C:\Program Files\Java\jdk1.8.0_131\bin;C:\ProgramData\Oracle\Java\javapath;C:\Windows\system32;C:\Windows;C:\Windows\System32\Wbem;C:\Windows\System32\WindowsPowerShell\v1.0\;C:\Program Files\nodejs\;C:\Program Files (x86)\PuTTY\;C:\Program Files\Git\cmd;C:\Program Files (x86)\QuickTime\QTSystem\;."/>
    <property name="HOMEDRIVE" value="Z:"/>
    <property name="HOMESHARE" value="\\calebasse\charleso"/>
    <property name="POM_GROUPID" value="iut.3301"/>
    <property name="POM_ARTIFACTID" value="puissance4"/>
    <property name="java.class.version" value="52.0"/>
    <property name="JOB_URL" value="http://localhost:8080/job/Puissance4FXMaven/"/>
    <property name="GIT_PREVIOUS_COMMIT" value="eb94db3a9705a24ee3b4db5c020a3239a43214fc"/>
    <property name="GIT_BRANCH" value="origin/master"/>
    <property name="RUN_DISPLAY_URL" value="http://localhost:8080/job/Puissance4FXMaven/19/display/redirect"/>
    <property name="VBOX_MSI_INSTALL_PATH" value="C:\Program Files\Oracle\VirtualBox\"/>
    <property name="JENKINS_HOME" value="D:\plateforme-production\jenkins"/>
    <property name="BUILD_ID" value="19"/>
    <property name="TEMP" value="C:\Users\charleso\AppData\Local\Temp"/>
    <property name="sun.boot.library.path" value="D:\plateforme-production\jdk1.8.0_131\jre\bin"/>
    <property name="sun.management.compiler" value="HotSpot Client Compiler"/>
    <property name="java.awt.graphicsenv" value="sun.awt.Win32GraphicsEnvironment"/>
    <property name="user.variant" value=""/>
    <property name="PROCESSOR_REVISION" value="2a07"/>
    <property name="POM_VERSION" value="1.0-ALPHA"/>
    <property name="HUDSON_HOME" value="D:\plateforme-production\jenkins"/>
    <property name="GIT_PREVIOUS_SUCCESSFUL_COMMIT" value="1ed4b08a2608ebd1307211ccd187375a2cdcf299"/>
    <property name="ProgramFiles(x86)" value="C:\Program Files (x86)"/>
    <property name="PATH+MAVEN" value="D:\plateforme-production\apache-maven-3.5.2/bin"/>
    <property name="https.proxyHost" value="proxy.unicaen.fr"/>
    <property name="USERDOMAIN_ROAMINGPROFILE" value="CAMPUS"/>
    <property name="PROMPT" value="$P$G"/>
    <property name="java.vm.specification.version" value="1.8"/>
    <property name="JAVA_HOME" value="D:\plateforme-production\jdk1.8.0_131"/>
    <property name="awt.toolkit" value="sun.awt.windows.WToolkit"/>
    <property name="NODE_LABELS" value="master"/>
    <property name="sun.cpu.isalist" value="pentium_pro+mmx pentium_pro pentium+mmx pentium i486 i386 i86"/>
    <property name="USERPROFILE" value="C:\Users\charleso"/>
    <property name="JOB_DISPLAY_URL" value="http://localhost:8080/job/Puissance4FXMaven/display/redirect"/>
    <property name="java.ext.dirs" value="D:\plateforme-production\jdk1.8.0_131\jre\lib\ext;C:\Windows\Sun\Java\lib\ext"/>
    <property name="os.version" value="6.1"/>
    <property name="user.home" value="C:\Users\charleso"/>
    <property name="USERNAME" value="charleso"/>
    <property name="java.vm.vendor" value="Oracle Corporation"/>
    <property name="PROCESSOR_LEVEL" value="6"/>
    <property name="USERDNSDOMAIN" value="CAMPUS.UNICAEN.FR"/>
    <property name="CommonProgramW6432" value="C:\Program Files\Common Files"/>
    <property name="user.dir" value="D:\plateforme-production\jenkins\workspace\Puissance4FXMaven"/>
    <property name="maven.conf" value="D:\plateforme-production\apache-maven-3.5.2\conf"/>
    <property name="ProgramW6432" value="C:\Program Files"/>
    <property name="TMP" value="C:\Users\charleso\AppData\Local\Temp"/>
    <property name="UATDATA" value="C:\Windows\CCM\UATData\D9F8C395-CAB8-491d-B8AC-179A1FE1BE77"/>
    <property name="sun.cpu.endian" value="little"/>
    <property name="SystemDrive" value="C:"/>
    <property name="java.vm.version" value="25.131-b11"/>
    <property name="java.class.path" value="D:\plateforme-production\jenkins\plugins\maven-plugin\WEB-INF\lib\maven35-agent-1.12-alpha-1.jar;D:\plateforme-production\apache-maven-3.5.2\boot\plexus-classworlds-2.5.2.jar;D:\plateforme-production\apache-maven-3.5.2/conf/logging"/>
    <property name="org.slf4j.simpleLogger.defaultLogLevel" value="info"/>
    <property name="MAVEN_OPTS" value="-Dhttps.proxyHost=proxy.unicaen.fr -Dhttps.proxyPort=3128"/>
    <property name="os.arch" value="x86"/>
    <property name="WORKSPACE" value="D:\plateforme-production\jenkins\workspace\Puissance4FXMaven"/>
    <property name="ComSpec" value="C:\Windows\system32\cmd.exe"/>
    <property name="sun.java.launcher" value="SUN_STANDARD"/>
    <property name="SystemRoot" value="C:\Windows"/>
    <property name="CommonProgramFiles" value="C:\Program Files (x86)\Common Files"/>
    <property name="java.vm.specification.vendor" value="Oracle Corporation"/>
    <property name="file.separator" value="\"/>
    <property name="java.runtime.version" value="1.8.0_131-b11"/>
    <property name="ProgramFiles" value="C:\Program Files (x86)"/>
    <property name="sun.boot.class.path" value="D:\plateforme-production\jdk1.8.0_131\jre\lib\resources.jar;D:\plateforme-production\jdk1.8.0_131\jre\lib\rt.jar;D:\plateforme-production\jdk1.8.0_131\jre\lib\sunrsasign.jar;D:\plateforme-production\jdk1.8.0_131\jre\lib\jsse.jar;D:\plateforme-production\jdk1.8.0_131\jre\lib\jce.jar;D:\plateforme-production\jdk1.8.0_131\jre\lib\charsets.jar;D:\plateforme-production\jdk1.8.0_131\jre\lib\jfr.jar;D:\plateforme-production\jdk1.8.0_131\jre\classes"/>
    <property name="PATH+JDK" value="D:\plateforme-production\jdk1.8.0_131/bin"/>
    <property name="=ExitCode" value="00000001"/>
    <property name="user.country" value="FR"/>
    <property name="POM_PACKAGING" value="jar"/>
    <property name="maven.home" value="D:\plateforme-production\apache-maven-3.5.2"/>
    <property name="JOB_BASE_NAME" value="Puissance4FXMaven"/>
    <property name="java.vendor" value="Oracle Corporation"/>
    <property name="POM_DISPLAYNAME" value="puissance4"/>
    <property name="java.specification.version" value="1.8"/>
    <property name="sun.arch.data.model" value="32"/>
    <property name="GIT_URL" value="file://D:\plateforme-production\projets\puissance4"/>
  </properties>
  <testcase classname="exemplecode.TestExempleGlisserDeposer" name="testChangementTexteSurBouton" time="4.084"/>
  <testcase classname="exemplecode.TestExempleGlisserDeposer" name="testGlisserDeposerDuCercleJaune" time="0.661"/>
</testsuite>